<!doctype html>
<html lang="">
<head>
    <meta charset="UTF-8">
    <meta name="viewport"
          content="width=device-width, user-scalable=no, initial-scale=1.0, maximum-scale=1.0, minimum-scale=1.0">
    <meta http-equiv="X-UA-Compatible" content="ie=edge">
    <title>Test Results Report - ComeetAutomationProject</title>

    <link href="reportng.css" rel="stylesheet" type="text/css"/>
</head>
<body>
<div id="meta">
Generated by <a href="http://www.testng.org" target="_blank">TestNG</a> with <a href="https://github.com/testng-team/reportng" target="_blank">ReportNG</a>
at 21:07 IDT on יום שלישי 03 אוגוסט 2021
    <br/><span
    id="systemInfo">PC@DESKTOP-30S84BN&nbsp;/&nbsp;Java 16.0.1 (Oracle Corporation)&nbsp;/&nbsp;Windows 10 10.0 (amd64)</span>
</div>
<h1>ComeetAutomationProject</h1>

<p>
    <a href="index.html">Suites</a>
        &#183; <a href="output.html">Log Output</a>
</p>

<p>Test duration
    : 57.345s</p>


    <table class="resultsTable">
        <tr>
            <th colspan="3" class="header failed">Failed Tests</th>
        </tr>
            <tr>
                <td class="group" colspan="3">LoginTests</td>
            </tr>
    <tr>
        <td class="method">
                validLogin_WithRememberMe
        </td>
        <td class="duration">
            1.054s
        </td>
        <td class="result">
            <!-- Display the dependencies for skipped test methods -->

                <i>Method arguments: </i>
                <span class="arguments">
                    "user2@gmail.com", "xyz123"
                </span>
                <br/>

            <!-- Show logger output for the test -->

                <a href="javascript:toggleElement('exception-0', 'block')"
                   title="Click to expand/collapse">
                    <b>java.lang.AssertionError: Login was unsuccessful expected [https://bootsnipp.com/user] but found [https://bootsnipp.com/login]</b>
                </a>
                <br/>
                <div class="stackTrace" id="exception-0">
                        org.testng.Assert.fail(Assert.java:94)<br/>
                        org.testng.Assert.failNotEquals(Assert.java:513)<br/>
                        org.testng.Assert.assertEqualsImpl(Assert.java:135)<br/>
                        org.testng.Assert.assertEquals(Assert.java:116)<br/>
                        org.testng.Assert.assertEquals(Assert.java:190)<br/>
                        LoginTests.validLogin_WithRememberMe(LoginTests.java:40)<br/>
                        java.base/jdk.internal.reflect.NativeMethodAccessorImpl.invoke0(Native Method)<br/>
                        java.base/jdk.internal.reflect.NativeMethodAccessorImpl.invoke(NativeMethodAccessorImpl.java:78)<br/>
                        java.base/jdk.internal.reflect.DelegatingMethodAccessorImpl.invoke(DelegatingMethodAccessorImpl.java:43)<br/>
                        java.base/java.lang.reflect.Method.invoke(Method.java:567)<br/>
                        org.testng.internal.MethodInvocationHelper.invokeMethod(MethodInvocationHelper.java:104)<br/>
                        org.testng.internal.Invoker.invokeMethod(Invoker.java:645)<br/>
                        org.testng.internal.Invoker.invokeTestMethod(Invoker.java:851)<br/>
                        org.testng.internal.Invoker.invokeTestMethods(Invoker.java:1177)<br/>
                        org.testng.internal.TestMethodWorker.invokeTestMethods(TestMethodWorker.java:129)<br/>
                        org.testng.internal.TestMethodWorker.run(TestMethodWorker.java:112)<br/>
                        org.testng.TestRunner.privateRun(TestRunner.java:756)<br/>
                        org.testng.TestRunner.run(TestRunner.java:610)<br/>
                        org.testng.SuiteRunner.runTest(SuiteRunner.java:387)<br/>
                        org.testng.SuiteRunner.runSequentially(SuiteRunner.java:382)<br/>
                        org.testng.SuiteRunner.privateRun(SuiteRunner.java:340)<br/>
                        org.testng.SuiteRunner.run(SuiteRunner.java:289)<br/>
                        org.testng.SuiteRunnerWorker.runSuite(SuiteRunnerWorker.java:52)<br/>
                        org.testng.SuiteRunnerWorker.run(SuiteRunnerWorker.java:86)<br/>
                        org.testng.TestNG.runSuitesSequentially(TestNG.java:1293)<br/>
                        org.testng.TestNG.runSuitesLocally(TestNG.java:1218)<br/>
                        org.testng.TestNG.runSuites(TestNG.java:1133)<br/>
                        org.testng.TestNG.run(TestNG.java:1104)<br/>
                        com.intellij.rt.testng.IDEARemoteTestNG.run(IDEARemoteTestNG.java:66)<br/>
                        com.intellij.rt.testng.RemoteTestNGStarter.main(RemoteTestNGStarter.java:109)<br/>
                </div>
        </td>
    </tr>
    <tr>
        <td class="method">
                validLogin_WithRememberMe
        </td>
        <td class="duration">
            1.069s
        </td>
        <td class="result">
            <!-- Display the dependencies for skipped test methods -->

                <i>Method arguments: </i>
                <span class="arguments">
                    "user1@gmail.com", "abc123"
                </span>
                <br/>

            <!-- Show logger output for the test -->

                <a href="javascript:toggleElement('exception-1', 'block')"
                   title="Click to expand/collapse">
                    <b>java.lang.AssertionError: Login was unsuccessful expected [https://bootsnipp.com/user] but found [https://bootsnipp.com/login]</b>
                </a>
                <br/>
                <div class="stackTrace" id="exception-1">
                        org.testng.Assert.fail(Assert.java:94)<br/>
                        org.testng.Assert.failNotEquals(Assert.java:513)<br/>
                        org.testng.Assert.assertEqualsImpl(Assert.java:135)<br/>
                        org.testng.Assert.assertEquals(Assert.java:116)<br/>
                        org.testng.Assert.assertEquals(Assert.java:190)<br/>
                        LoginTests.validLogin_WithRememberMe(LoginTests.java:40)<br/>
                        java.base/jdk.internal.reflect.NativeMethodAccessorImpl.invoke0(Native Method)<br/>
                        java.base/jdk.internal.reflect.NativeMethodAccessorImpl.invoke(NativeMethodAccessorImpl.java:78)<br/>
                        java.base/jdk.internal.reflect.DelegatingMethodAccessorImpl.invoke(DelegatingMethodAccessorImpl.java:43)<br/>
                        java.base/java.lang.reflect.Method.invoke(Method.java:567)<br/>
                        org.testng.internal.MethodInvocationHelper.invokeMethod(MethodInvocationHelper.java:104)<br/>
                        org.testng.internal.Invoker.invokeMethod(Invoker.java:645)<br/>
                        org.testng.internal.Invoker.invokeTestMethod(Invoker.java:851)<br/>
                        org.testng.internal.Invoker.invokeTestMethods(Invoker.java:1177)<br/>
                        org.testng.internal.TestMethodWorker.invokeTestMethods(TestMethodWorker.java:129)<br/>
                        org.testng.internal.TestMethodWorker.run(TestMethodWorker.java:112)<br/>
                        org.testng.TestRunner.privateRun(TestRunner.java:756)<br/>
                        org.testng.TestRunner.run(TestRunner.java:610)<br/>
                        org.testng.SuiteRunner.runTest(SuiteRunner.java:387)<br/>
                        org.testng.SuiteRunner.runSequentially(SuiteRunner.java:382)<br/>
                        org.testng.SuiteRunner.privateRun(SuiteRunner.java:340)<br/>
                        org.testng.SuiteRunner.run(SuiteRunner.java:289)<br/>
                        org.testng.SuiteRunnerWorker.runSuite(SuiteRunnerWorker.java:52)<br/>
                        org.testng.SuiteRunnerWorker.run(SuiteRunnerWorker.java:86)<br/>
                        org.testng.TestNG.runSuitesSequentially(TestNG.java:1293)<br/>
                        org.testng.TestNG.runSuitesLocally(TestNG.java:1218)<br/>
                        org.testng.TestNG.runSuites(TestNG.java:1133)<br/>
                        org.testng.TestNG.run(TestNG.java:1104)<br/>
                        com.intellij.rt.testng.IDEARemoteTestNG.run(IDEARemoteTestNG.java:66)<br/>
                        com.intellij.rt.testng.RemoteTestNGStarter.main(RemoteTestNGStarter.java:109)<br/>
                </div>
        </td>
    </tr>
    <tr>
        <td class="method">
                validLogin_WithoutRememberMe
        </td>
        <td class="duration">
            1.015s
        </td>
        <td class="result">
            <!-- Display the dependencies for skipped test methods -->

                <i>Method arguments: </i>
                <span class="arguments">
                    "user2@gmail.com", "xyz123"
                </span>
                <br/>

            <!-- Show logger output for the test -->

                <a href="javascript:toggleElement('exception-2', 'block')"
                   title="Click to expand/collapse">
                    <b>java.lang.AssertionError: Login was unsuccessful expected [https://bootsnipp.com/user] but found [https://bootsnipp.com/login]</b>
                </a>
                <br/>
                <div class="stackTrace" id="exception-2">
                        org.testng.Assert.fail(Assert.java:94)<br/>
                        org.testng.Assert.failNotEquals(Assert.java:513)<br/>
                        org.testng.Assert.assertEqualsImpl(Assert.java:135)<br/>
                        org.testng.Assert.assertEquals(Assert.java:116)<br/>
                        org.testng.Assert.assertEquals(Assert.java:190)<br/>
                        LoginTests.validLogin_WithoutRememberMe(LoginTests.java:63)<br/>
                        java.base/jdk.internal.reflect.NativeMethodAccessorImpl.invoke0(Native Method)<br/>
                        java.base/jdk.internal.reflect.NativeMethodAccessorImpl.invoke(NativeMethodAccessorImpl.java:78)<br/>
                        java.base/jdk.internal.reflect.DelegatingMethodAccessorImpl.invoke(DelegatingMethodAccessorImpl.java:43)<br/>
                        java.base/java.lang.reflect.Method.invoke(Method.java:567)<br/>
                        org.testng.internal.MethodInvocationHelper.invokeMethod(MethodInvocationHelper.java:104)<br/>
                        org.testng.internal.Invoker.invokeMethod(Invoker.java:645)<br/>
                        org.testng.internal.Invoker.invokeTestMethod(Invoker.java:851)<br/>
                        org.testng.internal.Invoker.invokeTestMethods(Invoker.java:1177)<br/>
                        org.testng.internal.TestMethodWorker.invokeTestMethods(TestMethodWorker.java:129)<br/>
                        org.testng.internal.TestMethodWorker.run(TestMethodWorker.java:112)<br/>
                        org.testng.TestRunner.privateRun(TestRunner.java:756)<br/>
                        org.testng.TestRunner.run(TestRunner.java:610)<br/>
                        org.testng.SuiteRunner.runTest(SuiteRunner.java:387)<br/>
                        org.testng.SuiteRunner.runSequentially(SuiteRunner.java:382)<br/>
                        org.testng.SuiteRunner.privateRun(SuiteRunner.java:340)<br/>
                        org.testng.SuiteRunner.run(SuiteRunner.java:289)<br/>
                        org.testng.SuiteRunnerWorker.runSuite(SuiteRunnerWorker.java:52)<br/>
                        org.testng.SuiteRunnerWorker.run(SuiteRunnerWorker.java:86)<br/>
                        org.testng.TestNG.runSuitesSequentially(TestNG.java:1293)<br/>
                        org.testng.TestNG.runSuitesLocally(TestNG.java:1218)<br/>
                        org.testng.TestNG.runSuites(TestNG.java:1133)<br/>
                        org.testng.TestNG.run(TestNG.java:1104)<br/>
                        com.intellij.rt.testng.IDEARemoteTestNG.run(IDEARemoteTestNG.java:66)<br/>
                        com.intellij.rt.testng.RemoteTestNGStarter.main(RemoteTestNGStarter.java:109)<br/>
                </div>
        </td>
    </tr>
    <tr>
        <td class="method">
                validLogin_WithoutRememberMe
        </td>
        <td class="duration">
            1.000s
        </td>
        <td class="result">
            <!-- Display the dependencies for skipped test methods -->

                <i>Method arguments: </i>
                <span class="arguments">
                    "user1@gmail.com", "abc123"
                </span>
                <br/>

            <!-- Show logger output for the test -->

                <a href="javascript:toggleElement('exception-3', 'block')"
                   title="Click to expand/collapse">
                    <b>java.lang.AssertionError: Login was unsuccessful expected [https://bootsnipp.com/user] but found [https://bootsnipp.com/login]</b>
                </a>
                <br/>
                <div class="stackTrace" id="exception-3">
                        org.testng.Assert.fail(Assert.java:94)<br/>
                        org.testng.Assert.failNotEquals(Assert.java:513)<br/>
                        org.testng.Assert.assertEqualsImpl(Assert.java:135)<br/>
                        org.testng.Assert.assertEquals(Assert.java:116)<br/>
                        org.testng.Assert.assertEquals(Assert.java:190)<br/>
                        LoginTests.validLogin_WithoutRememberMe(LoginTests.java:63)<br/>
                        java.base/jdk.internal.reflect.NativeMethodAccessorImpl.invoke0(Native Method)<br/>
                        java.base/jdk.internal.reflect.NativeMethodAccessorImpl.invoke(NativeMethodAccessorImpl.java:78)<br/>
                        java.base/jdk.internal.reflect.DelegatingMethodAccessorImpl.invoke(DelegatingMethodAccessorImpl.java:43)<br/>
                        java.base/java.lang.reflect.Method.invoke(Method.java:567)<br/>
                        org.testng.internal.MethodInvocationHelper.invokeMethod(MethodInvocationHelper.java:104)<br/>
                        org.testng.internal.Invoker.invokeMethod(Invoker.java:645)<br/>
                        org.testng.internal.Invoker.invokeTestMethod(Invoker.java:851)<br/>
                        org.testng.internal.Invoker.invokeTestMethods(Invoker.java:1177)<br/>
                        org.testng.internal.TestMethodWorker.invokeTestMethods(TestMethodWorker.java:129)<br/>
                        org.testng.internal.TestMethodWorker.run(TestMethodWorker.java:112)<br/>
                        org.testng.TestRunner.privateRun(TestRunner.java:756)<br/>
                        org.testng.TestRunner.run(TestRunner.java:610)<br/>
                        org.testng.SuiteRunner.runTest(SuiteRunner.java:387)<br/>
                        org.testng.SuiteRunner.runSequentially(SuiteRunner.java:382)<br/>
                        org.testng.SuiteRunner.privateRun(SuiteRunner.java:340)<br/>
                        org.testng.SuiteRunner.run(SuiteRunner.java:289)<br/>
                        org.testng.SuiteRunnerWorker.runSuite(SuiteRunnerWorker.java:52)<br/>
                        org.testng.SuiteRunnerWorker.run(SuiteRunnerWorker.java:86)<br/>
                        org.testng.TestNG.runSuitesSequentially(TestNG.java:1293)<br/>
                        org.testng.TestNG.runSuitesLocally(TestNG.java:1218)<br/>
                        org.testng.TestNG.runSuites(TestNG.java:1133)<br/>
                        org.testng.TestNG.run(TestNG.java:1104)<br/>
                        com.intellij.rt.testng.IDEARemoteTestNG.run(IDEARemoteTestNG.java:66)<br/>
                        com.intellij.rt.testng.RemoteTestNGStarter.main(RemoteTestNGStarter.java:109)<br/>
                </div>
        </td>
    </tr>
    </table>


    <table class="resultsTable" width="100%">
        <tr>
            <th colspan="3" class="header passed">Passed Tests</th>
        </tr>
            <tr>
                <td class="group" colspan="3">LoginTests</td>
            </tr>
    <tr>
        <td class="method">
                validLogin_WithRememberMe
        </td>
        <td class="duration">
            5.861s
        </td>
        <td class="result">
            <!-- Display the dependencies for skipped test methods -->

                <i>Method arguments: </i>
                <span class="arguments">
                    "ricktwd020@gmail.com", "Qazwsxedc123"
                </span>
                <br/>

            <!-- Show logger output for the test -->

        </td>
    </tr>
    <tr>
        <td class="method">
                validLogin_WithoutRememberMe
        </td>
        <td class="duration">
            6.106s
        </td>
        <td class="result">
            <!-- Display the dependencies for skipped test methods -->

                <i>Method arguments: </i>
                <span class="arguments">
                    "ricktwd020@gmail.com", "Qazwsxedc123"
                </span>
                <br/>

            <!-- Show logger output for the test -->

        </td>
    </tr>
    </table>

<script type="text/javascript" src="reportng.js"></script>
</body>
